nohup: ignoring input
Wrote /data/data/com.termux/files/home/v71_clean/signal.json
{
  "symbol": "BTC-USD",
  "action": "HOLD",
  "confidence": 30,
  "status": "Engine Online",
  "price": 74134.6,
  "strategy": "NO_SIGNAL",
  "regime": "RANGE",
  "trend": "Neutral"
}
[main b35cc2d] Auto-update live signal
 1 file changed, 1 insertion(+), 1 deletion(-)
To https://github.com/mooresvillerental/eztrader-site.git
 ! [rejected]        main -> main (fetch first)
error: failed to push some refs to 'https://github.com/mooresvillerental/eztrader-site.git'
hint: Updates were rejected because the remote contains work that you do not
hint: have locally. This is usually caused by another repository pushing to
hint: the same ref. If you want to integrate the remote changes, use
hint: 'git pull' before pushing again.
hint: See the 'Note about fast-forwards' in 'git push --help' for details.
